Determining if the Q_WS_WIN exist failed with the following output:
Change Dir: /home/gustavo/CardioCSIM/build/CMakeFiles/CMakeTmp

Run Build Command:"/usr/bin/make" "cmTryCompileExec3797334902/fast"
/usr/bin/make -f CMakeFiles/cmTryCompileExec3797334902.dir/build.make CMakeFiles/cmTryCompileExec3797334902.dir/build
make[1]: Entrando no diretório `/home/gustavo/CardioCSIM/build/CMakeFiles/CMakeTmp'
/usr/bin/cmake -E cmake_progress_report /home/gustavo/CardioCSIM/build/CMakeFiles/CMakeTmp/CMakeFiles 1
Building CXX object CMakeFiles/cmTryCompileExec3797334902.dir/CheckSymbolExists.cxx.o
/usr/bin/c++    -I/qt-everywhere-opensource-release-build-4.8.5/include    -o CMakeFiles/cmTryCompileExec3797334902.dir/CheckSymbolExists.cxx.o -c /home/gustavo/CardioCSIM/build/CMakeFiles/CMakeTmp/CheckSymbolExists.cxx
/home/gustavo/CardioCSIM/build/CMakeFiles/CMakeTmp/CheckSymbolExists.cxx: In function ‘int main(int, char**)’:
/home/gustavo/CardioCSIM/build/CMakeFiles/CMakeTmp/CheckSymbolExists.cxx:8:19: error: ‘Q_WS_WIN’ was not declared in this scope
   return ((int*)(&Q_WS_WIN))[argc];
                   ^
make[1]: Saindo do diretório `/home/gustavo/CardioCSIM/build/CMakeFiles/CMakeTmp'
make[1]: ** [CMakeFiles/cmTryCompileExec3797334902.dir/CheckSymbolExists.cxx.o] Erro 1
make: ** [cmTryCompileExec3797334902/fast] Erro 2

File /home/gustavo/CardioCSIM/build/CMakeFiles/CMakeTmp/CheckSymbolExists.cxx:
/* */
#include <QtCore/qglobal.h>

int main(int argc, char** argv)
{
  (void)argv;
#ifndef Q_WS_WIN
  return ((int*)(&Q_WS_WIN))[argc];
#else
  (void)argc;
  return 0;
#endif
}

Determining if the Q_WS_QWS exist failed with the following output:
Change Dir: /home/gustavo/CardioCSIM/build/CMakeFiles/CMakeTmp

Run Build Command:"/usr/bin/make" "cmTryCompileExec2216865980/fast"
/usr/bin/make -f CMakeFiles/cmTryCompileExec2216865980.dir/build.make CMakeFiles/cmTryCompileExec2216865980.dir/build
make[1]: Entrando no diretório `/home/gustavo/CardioCSIM/build/CMakeFiles/CMakeTmp'
/usr/bin/cmake -E cmake_progress_report /home/gustavo/CardioCSIM/build/CMakeFiles/CMakeTmp/CMakeFiles 1
Building CXX object CMakeFiles/cmTryCompileExec2216865980.dir/CheckSymbolExists.cxx.o
/usr/bin/c++    -I/qt-everywhere-opensource-release-build-4.8.5/include    -o CMakeFiles/cmTryCompileExec2216865980.dir/CheckSymbolExists.cxx.o -c /home/gustavo/CardioCSIM/build/CMakeFiles/CMakeTmp/CheckSymbolExists.cxx
/home/gustavo/CardioCSIM/build/CMakeFiles/CMakeTmp/CheckSymbolExists.cxx: In function ‘int main(int, char**)’:
/home/gustavo/CardioCSIM/build/CMakeFiles/CMakeTmp/CheckSymbolExists.cxx:8:19: error: ‘Q_WS_QWS’ was not declared in this scope
   return ((int*)(&Q_WS_QWS))[argc];
                   ^
make[1]: ** [CMakeFiles/cmTryCompileExec2216865980.dir/CheckSymbolExists.cxx.o] Erro 1
make[1]: Saindo do diretório `/home/gustavo/CardioCSIM/build/CMakeFiles/CMakeTmp'
make: ** [cmTryCompileExec2216865980/fast] Erro 2

File /home/gustavo/CardioCSIM/build/CMakeFiles/CMakeTmp/CheckSymbolExists.cxx:
/* */
#include <QtCore/qglobal.h>

int main(int argc, char** argv)
{
  (void)argv;
#ifndef Q_WS_QWS
  return ((int*)(&Q_WS_QWS))[argc];
#else
  (void)argc;
  return 0;
#endif
}

Determining if the Q_WS_MAC exist failed with the following output:
Change Dir: /home/gustavo/CardioCSIM/build/CMakeFiles/CMakeTmp

Run Build Command:"/usr/bin/make" "cmTryCompileExec3184022756/fast"
/usr/bin/make -f CMakeFiles/cmTryCompileExec3184022756.dir/build.make CMakeFiles/cmTryCompileExec3184022756.dir/build
make[1]: Entrando no diretório `/home/gustavo/CardioCSIM/build/CMakeFiles/CMakeTmp'
/usr/bin/cmake -E cmake_progress_report /home/gustavo/CardioCSIM/build/CMakeFiles/CMakeTmp/CMakeFiles 1
Building CXX object CMakeFiles/cmTryCompileExec3184022756.dir/CheckSymbolExists.cxx.o
/usr/bin/c++    -I/qt-everywhere-opensource-release-build-4.8.5/include    -o CMakeFiles/cmTryCompileExec3184022756.dir/CheckSymbolExists.cxx.o -c /home/gustavo/CardioCSIM/build/CMakeFiles/CMakeTmp/CheckSymbolExists.cxx
/home/gustavo/CardioCSIM/build/CMakeFiles/CMakeTmp/CheckSymbolExists.cxx: In function ‘int main(int, char**)’:
/home/gustavo/CardioCSIM/build/CMakeFiles/CMakeTmp/CheckSymbolExists.cxx:8:19: error: ‘Q_WS_MAC’ was not declared in this scope
   return ((int*)(&Q_WS_MAC))[argc];
                   ^
make[1]: ** [CMakeFiles/cmTryCompileExec3184022756.dir/CheckSymbolExists.cxx.o] Erro 1
make[1]: Saindo do diretório `/home/gustavo/CardioCSIM/build/CMakeFiles/CMakeTmp'
make: ** [cmTryCompileExec3184022756/fast] Erro 2

File /home/gustavo/CardioCSIM/build/CMakeFiles/CMakeTmp/CheckSymbolExists.cxx:
/* */
#include <QtCore/qglobal.h>

int main(int argc, char** argv)
{
  (void)argv;
#ifndef Q_WS_MAC
  return ((int*)(&Q_WS_MAC))[argc];
#else
  (void)argc;
  return 0;
#endif
}

Determining if the CXX compiler accepts the flag -features=no%anachronisms passed with the following output:
Change Dir: /home/gustavo/CardioCSIM/build/CMakeFiles/CMakeTmp

Run Build Command:"/usr/bin/make" "cmTryCompileExec3966112936/fast"
/usr/bin/make -f CMakeFiles/cmTryCompileExec3966112936.dir/build.make CMakeFiles/cmTryCompileExec3966112936.dir/build
make[1]: Entrando no diretório `/home/gustavo/CardioCSIM/build/CMakeFiles/CMakeTmp'
/usr/bin/cmake -E cmake_progress_report /home/gustavo/CardioCSIM/build/CMakeFiles/CMakeTmp/CMakeFiles 1
Building CXX object CMakeFiles/cmTryCompileExec3966112936.dir/src.cxx.o
/usr/bin/c++    -Wno-array-bounds -msse2   -ftemplate-depth-50 -fno-tree-vectorize -features=no%anachronisms   -o CMakeFiles/cmTryCompileExec3966112936.dir/src.cxx.o -c /home/gustavo/CardioCSIM/build/CMakeFiles/CMakeTmp/src.cxx
c++: error: unrecognized command line option ‘-features=no%anachronisms’
make[1]: Saindo do diretório `/home/gustavo/CardioCSIM/build/CMakeFiles/CMakeTmp'
make[1]: ** [CMakeFiles/cmTryCompileExec3966112936.dir/src.cxx.o] Erro 1
make: ** [cmTryCompileExec3966112936/fast] Erro 2

Source file was:
int main() { return 0;}

